<?xml version="1.0" encoding="UTF-8"?>
<testsuite xmlns:xsi="http://www.w3.org/2001/XMLSchema-instance" xsi:noNamespaceSchemaLocation="https://maven.apache.org/surefire/maven-surefire-plugin/xsd/surefire-test-report.xsd" name="com.github.karanratra.AppTest" time="0.019" tests="1" errors="0" skipped="0" failures="0">
  <properties>
    <property name="gopherProxySet" value="false"/>
    <property name="awt.toolkit" value="sun.lwawt.macosx.LWCToolkit"/>
    <property name="file.encoding.pkg" value="sun.io"/>
    <property name="java.specification.version" value="1.8"/>
    <property name="sun.cpu.isalist" value=""/>
    <property name="sun.jnu.encoding" value="UTF-8"/>
    <property name="java.class.path" value="/Users/kkr0007/Java-Learning/arrowexample/target/test-classes:/Users/kkr0007/Java-Learning/arrowexample/target/classes:/Users/kkr0007/.m2/repository/junit/junit/4.11/junit-4.11.jar:/Users/kkr0007/.m2/repository/org/hamcrest/hamcrest-core/1.3/hamcrest-core-1.3.jar:/Users/kkr0007/.m2/repository/org/apache/arrow/arrow-vector/0.9.0/arrow-vector-0.9.0.jar:/Users/kkr0007/.m2/repository/org/apache/arrow/arrow-format/0.9.0/arrow-format-0.9.0.jar:/Users/kkr0007/.m2/repository/org/apache/arrow/arrow-memory/0.9.0/arrow-memory-0.9.0.jar:/Users/kkr0007/.m2/repository/joda-time/joda-time/2.9.9/joda-time-2.9.9.jar:/Users/kkr0007/.m2/repository/com/fasterxml/jackson/core/jackson-core/2.7.9/jackson-core-2.7.9.jar:/Users/kkr0007/.m2/repository/com/fasterxml/jackson/core/jackson-annotations/2.7.9/jackson-annotations-2.7.9.jar:/Users/kkr0007/.m2/repository/com/fasterxml/jackson/core/jackson-databind/2.7.9/jackson-databind-2.7.9.jar:/Users/kkr0007/.m2/repository/com/carrotsearch/hppc/0.7.2/hppc-0.7.2.jar:/Users/kkr0007/.m2/repository/commons-codec/commons-codec/1.10/commons-codec-1.10.jar:/Users/kkr0007/.m2/repository/com/google/guava/guava/18.0/guava-18.0.jar:/Users/kkr0007/.m2/repository/io/netty/netty-buffer/4.1.17.Final/netty-buffer-4.1.17.Final.jar:/Users/kkr0007/.m2/repository/io/netty/netty-common/4.1.17.Final/netty-common-4.1.17.Final.jar:/Users/kkr0007/.m2/repository/com/vlkan/flatbuffers/1.2.0-3f79e055/flatbuffers-1.2.0-3f79e055.jar:/Users/kkr0007/.m2/repository/com/google/code/findbugs/jsr305/3.0.2/jsr305-3.0.2.jar:/Users/kkr0007/.m2/repository/org/slf4j/slf4j-api/1.7.25/slf4j-api-1.7.25.jar:/Users/kkr0007/.m2/repository/org/apache/arrow/arrow-tools/0.9.0/arrow-tools-0.9.0.jar:/Users/kkr0007/.m2/repository/commons-cli/commons-cli/1.4/commons-cli-1.4.jar:/Users/kkr0007/.m2/repository/ch/qos/logback/logback-classic/1.2.3/logback-classic-1.2.3.jar:/Users/kkr0007/.m2/repository/ch/qos/logback/logback-core/1.2.3/logback-core-1.2.3.jar:"/>
    <property name="java.vm.vendor" value="Oracle Corporation"/>
    <property name="sun.arch.data.model" value="64"/>
    <property name="java.vendor.url" value="http://java.oracle.com/"/>
    <property name="user.timezone" value=""/>
    <property name="java.vm.specification.version" value="1.8"/>
    <property name="os.name" value="Mac OS X"/>
    <property name="user.country" value="US"/>
    <property name="sun.java.launcher" value="SUN_STANDARD"/>
    <property name="sun.boot.library.path" value="/Library/Java/JavaVirtualMachines/jdk1.8.0_191.jdk/Contents/Home/jre/lib"/>
    <property name="sun.java.command" value="/Users/kkr0007/Java-Learning/arrowexample/target/surefire/surefirebooter2501267971838133635.jar /Users/kkr0007/Java-Learning/arrowexample/target/surefire 2018-12-17T15-20-06_967-jvmRun1 surefire7689757633926851649tmp surefire_06958975428380957072tmp"/>
    <property name="surefire.test.class.path" value="/Users/kkr0007/Java-Learning/arrowexample/target/test-classes:/Users/kkr0007/Java-Learning/arrowexample/target/classes:/Users/kkr0007/.m2/repository/junit/junit/4.11/junit-4.11.jar:/Users/kkr0007/.m2/repository/org/hamcrest/hamcrest-core/1.3/hamcrest-core-1.3.jar:/Users/kkr0007/.m2/repository/org/apache/arrow/arrow-vector/0.9.0/arrow-vector-0.9.0.jar:/Users/kkr0007/.m2/repository/org/apache/arrow/arrow-format/0.9.0/arrow-format-0.9.0.jar:/Users/kkr0007/.m2/repository/org/apache/arrow/arrow-memory/0.9.0/arrow-memory-0.9.0.jar:/Users/kkr0007/.m2/repository/joda-time/joda-time/2.9.9/joda-time-2.9.9.jar:/Users/kkr0007/.m2/repository/com/fasterxml/jackson/core/jackson-core/2.7.9/jackson-core-2.7.9.jar:/Users/kkr0007/.m2/repository/com/fasterxml/jackson/core/jackson-annotations/2.7.9/jackson-annotations-2.7.9.jar:/Users/kkr0007/.m2/repository/com/fasterxml/jackson/core/jackson-databind/2.7.9/jackson-databind-2.7.9.jar:/Users/kkr0007/.m2/repository/com/carrotsearch/hppc/0.7.2/hppc-0.7.2.jar:/Users/kkr0007/.m2/repository/commons-codec/commons-codec/1.10/commons-codec-1.10.jar:/Users/kkr0007/.m2/repository/com/google/guava/guava/18.0/guava-18.0.jar:/Users/kkr0007/.m2/repository/io/netty/netty-buffer/4.1.17.Final/netty-buffer-4.1.17.Final.jar:/Users/kkr0007/.m2/repository/io/netty/netty-common/4.1.17.Final/netty-common-4.1.17.Final.jar:/Users/kkr0007/.m2/repository/com/vlkan/flatbuffers/1.2.0-3f79e055/flatbuffers-1.2.0-3f79e055.jar:/Users/kkr0007/.m2/repository/com/google/code/findbugs/jsr305/3.0.2/jsr305-3.0.2.jar:/Users/kkr0007/.m2/repository/org/slf4j/slf4j-api/1.7.25/slf4j-api-1.7.25.jar:/Users/kkr0007/.m2/repository/org/apache/arrow/arrow-tools/0.9.0/arrow-tools-0.9.0.jar:/Users/kkr0007/.m2/repository/commons-cli/commons-cli/1.4/commons-cli-1.4.jar:/Users/kkr0007/.m2/repository/ch/qos/logback/logback-classic/1.2.3/logback-classic-1.2.3.jar:/Users/kkr0007/.m2/repository/ch/qos/logback/logback-core/1.2.3/logback-core-1.2.3.jar:"/>
    <property name="sun.cpu.endian" value="little"/>
    <property name="user.home" value="/Users/kkr0007"/>
    <property name="user.language" value="en"/>
    <property name="java.specification.vendor" value="Oracle Corporation"/>
    <property name="java.home" value="/Library/Java/JavaVirtualMachines/jdk1.8.0_191.jdk/Contents/Home/jre"/>
    <property name="basedir" value="/Users/kkr0007/Java-Learning/arrowexample"/>
    <property name="file.separator" value="/"/>
    <property name="line.separator" value="&#10;"/>
    <property name="java.vm.specification.vendor" value="Oracle Corporation"/>
    <property name="java.specification.name" value="Java Platform API Specification"/>
    <property name="java.awt.graphicsenv" value="sun.awt.CGraphicsEnvironment"/>
    <property name="surefire.real.class.path" value="/Users/kkr0007/Java-Learning/arrowexample/target/surefire/surefirebooter2501267971838133635.jar"/>
    <property name="sun.boot.class.path" value="/Library/Java/JavaVirtualMachines/jdk1.8.0_191.jdk/Contents/Home/jre/lib/resources.jar:/Library/Java/JavaVirtualMachines/jdk1.8.0_191.jdk/Contents/Home/jre/lib/rt.jar:/Library/Java/JavaVirtualMachines/jdk1.8.0_191.jdk/Contents/Home/jre/lib/sunrsasign.jar:/Library/Java/JavaVirtualMachines/jdk1.8.0_191.jdk/Contents/Home/jre/lib/jsse.jar:/Library/Java/JavaVirtualMachines/jdk1.8.0_191.jdk/Contents/Home/jre/lib/jce.jar:/Library/Java/JavaVirtualMachines/jdk1.8.0_191.jdk/Contents/Home/jre/lib/charsets.jar:/Library/Java/JavaVirtualMachines/jdk1.8.0_191.jdk/Contents/Home/jre/lib/jfr.jar:/Library/Java/JavaVirtualMachines/jdk1.8.0_191.jdk/Contents/Home/jre/classes"/>
    <property name="sun.management.compiler" value="HotSpot 64-Bit Tiered Compilers"/>
    <property name="java.runtime.version" value="1.8.0_191-b12"/>
    <property name="user.name" value="kkr0007"/>
    <property name="path.separator" value=":"/>
    <property name="os.version" value="10.13.6"/>
    <property name="java.endorsed.dirs" value="/Library/Java/JavaVirtualMachines/jdk1.8.0_191.jdk/Contents/Home/jre/lib/endorsed"/>
    <property name="java.runtime.name" value="Java(TM) SE Runtime Environment"/>
    <property name="file.encoding" value="UTF-8"/>
    <property name="java.vm.name" value="Java HotSpot(TM) 64-Bit Server VM"/>
    <property name="localRepository" value="/Users/kkr0007/.m2/repository"/>
    <property name="java.vendor.url.bug" value="http://bugreport.sun.com/bugreport/"/>
    <property name="java.io.tmpdir" value="/var/folders/9t/5m06ly1j3z97c6pbn_zlj1ls78ph0t/T/"/>
    <property name="java.version" value="1.8.0_191"/>
    <property name="user.dir" value="/Users/kkr0007/Java-Learning/arrowexample"/>
    <property name="os.arch" value="x86_64"/>
    <property name="java.vm.specification.name" value="Java Virtual Machine Specification"/>
    <property name="java.awt.printerjob" value="sun.lwawt.macosx.CPrinterJob"/>
    <property name="sun.os.patch.level" value="unknown"/>
    <property name="java.library.path" value="/Users/kkr0007/Library/Java/Extensions:/Library/Java/Extensions:/Network/Library/Java/Extensions:/System/Library/Java/Extensions:/usr/lib/java:."/>
    <property name="java.vm.info" value="mixed mode"/>
    <property name="java.vendor" value="Oracle Corporation"/>
    <property name="java.vm.version" value="25.191-b12"/>
    <property name="java.ext.dirs" value="/Users/kkr0007/Library/Java/Extensions:/Library/Java/JavaVirtualMachines/jdk1.8.0_191.jdk/Contents/Home/jre/lib/ext:/Library/Java/Extensions:/Network/Library/Java/Extensions:/System/Library/Java/Extensions:/usr/lib/java"/>
    <property name="sun.io.unicode.encoding" value="UnicodeBig"/>
    <property name="java.class.version" value="52.0"/>
  </properties>
  <testcase name="shouldAnswerWithTrue" classname="com.github.karanratra.AppTest" time="0.002"/>
</testsuite>